[19:11:02] [ServerMain/INFO]: [bootstrap] Running Java 21 (Java HotSpot(TM) 64-Bit Server VM 21.0.7+8-LTS-245; Oracle Corporation null) on Mac OS X 15.6.1 (aarch64)
[19:11:02] [ServerMain/INFO]: [bootstrap] Loading Paper 1.21-130-master@b1b5d4c (2024-08-10T10:02:42Z) for Minecraft 1.21
[19:11:02] [ServerMain/INFO]: [PluginInitializerManager] Initializing plugins...
[19:11:02] [Paper Plugin Remapper Thread - 2/INFO]: [PluginRemapper] Remapping plugin '/Users/bkgktp/IdeaProjects/HMCCosmeticsRP/build/libs/HMCCosmeticsPackGenerator-1.0.0-all.jar'...
[19:11:03] [Paper Plugin Remapper Thread - 2/INFO]: [PluginRemapper] Done remapping plugin '/Users/bkgktp/IdeaProjects/HMCCosmeticsRP/build/libs/HMCCosmeticsPackGenerator-1.0.0-all.jar' in 377ms.
[19:11:03] [ServerMain/INFO]: [PluginInitializerManager] Initialized 1 plugin
[19:11:03] [ServerMain/INFO]: [PluginInitializerManager] Bukkit plugins (1):
 - HMCCosmeticsPackGenerator (1.0)
[19:11:04] [ServerMain/INFO]: Environment: Environment[sessionHost=https://sessionserver.mojang.com, servicesHost=https://api.minecraftservices.com, name=PROD]
[19:11:05] [ServerMain/INFO]: Loaded 1290 recipes
[19:11:05] [ServerMain/INFO]: Loaded 1399 advancements
[19:11:05] [Server thread/INFO]: Starting minecraft server version 1.21
[19:11:05] [Server thread/INFO]: Loading properties
[19:11:05] [Server thread/INFO]: This server is running Paper version 1.21-130-master@b1b5d4c (2024-08-10T10:02:42Z) (Implementing API version 1.21-R0.1-SNAPSHOT)
[19:11:05] [Server thread/INFO]: [spark] This server bundles the spark profiler. For more information please visit https://docs.papermc.io/paper/profiling
[19:11:05] [Server thread/INFO]: Server Ping Player Sample Count: 12
[19:11:05] [Server thread/INFO]: Using 4 threads for Netty based IO
[19:11:06] [Server thread/INFO]: [ChunkTaskScheduler] Chunk system is using 1 I/O threads, 3 worker threads, and population gen parallelism of 3 threads
[19:11:06] [Server thread/INFO]: Default game type: SURVIVAL
[19:11:06] [Server thread/INFO]: Generating keypair
[19:11:06] [Server thread/INFO]: Starting Minecraft server on *:25565
[19:11:06] [Server thread/INFO]: Using default channel type
[19:11:06] [Server thread/INFO]: Paper: Using libdeflate (macOS ARM64 / Apple Silicon) compression from Velocity.
[19:11:06] [Server thread/INFO]: Paper: Using native (macOS ARM64 / Apple Silicon) cipher from Velocity.
[19:11:06] [Server thread/INFO]: [HMCCosmeticsPackGenerator] Loading server plugin HMCCosmeticsPackGenerator v1.0
[19:11:06] [Server thread/INFO]: Server permissions file permissions.yml is empty, ignoring it
[19:11:06] [Server thread/INFO]: Preparing level "world"
[19:11:06] [Server thread/INFO]: Preparing start region for dimension minecraft:overworld
[19:11:07] [Server thread/INFO]: Time elapsed: 333 ms
[19:11:07] [Server thread/INFO]: Preparing start region for dimension minecraft:the_nether
[19:11:07] [Server thread/INFO]: Time elapsed: 45 ms
[19:11:07] [Server thread/INFO]: Preparing start region for dimension minecraft:the_end
[19:11:07] [Server thread/INFO]: Time elapsed: 27 ms
[19:11:07] [Server thread/INFO]: [HMCCosmeticsPackGenerator] Enabling HMCCosmeticsPackGenerator v1.0
[19:11:07] [Server thread/INFO]: [HMCCosmeticsPackGenerator] ✓ All required directories created successfully!
[19:11:07] [Server thread/INFO]: [HMCCosmeticsPackGenerator] HMCCosmeticsRP has been enabled!
[19:11:07] [Server thread/INFO]: [spark] Starting background profiler...
[19:11:07] [Server thread/INFO]: Done preparing level "world" (0.934s)
[19:11:07] [Server thread/INFO]: Running delayed init tasks
[19:11:07] [Server thread/INFO]: Done (6.473s)! For help, type "help"
[19:11:07] [Server thread/INFO]: Timings Reset
[19:11:18] [Server thread/INFO]: === Starting Clean Generation Process ===
[19:11:18] [Server thread/INFO]: Step 1: Cleaning old files...
[19:11:18] [Server thread/INFO]: [HMCCosmeticsPackGenerator] CustomModelDataGenerator reset - starting from 13000
[19:11:18] [Server thread/INFO]:   → Deleting old local output directory...
[19:11:18] [Server thread/INFO]:   ✓ Deleted old local output directory
[19:11:18] [Server thread/INFO]: ✓ Step 1 Complete: Plugin directories cleaned
[19:11:18] [Server thread/INFO]:   (Custom output path left untouched for safety)
[19:11:18] [Server thread/INFO]: Step 2: Generating files locally...
[19:11:18] [Server thread/INFO]: ✓ Created output directories
[19:11:18] [Server thread/INFO]: Generating legacy custom model data files...
[19:11:18] [Server thread/INFO]: [HMCCosmeticsPackGenerator] Generated modern format: /Users/bkgktp/IdeaProjects/HMCCosmeticsRP/run/plugins/HMCCosmeticsPackGenerator/output/HMCCosmetics/assets/minecraft/items/leather_horse_armor.json
[19:11:18] [Server thread/INFO]: [HMCCosmeticsPackGenerator] Generated legacy format: /Users/bkgktp/IdeaProjects/HMCCosmeticsRP/run/plugins/HMCCosmeticsPackGenerator/output/HMCCosmetics/assets/minecraft/models/item/leather_horse_armor.json
[19:11:18] [Server thread/INFO]: ✓ Legacy custom model data files generated
[19:11:18] [Server thread/INFO]: ✓ Step 2 Complete: All files generated locally
[19:11:18] [Server thread/INFO]: Step 3: Copying changed files to target output...
[19:11:18] [Server thread/INFO]: ✓ Step 3 Complete: No files needed copying (all up to date)
[19:11:18] [Server thread/INFO]: === Generation Complete ===
[19:11:18] [Server thread/INFO]: Successfully processed 3 models:
[19:11:18] [Server thread/INFO]: - Helmets: 1
[19:11:18] [Server thread/INFO]: - Backpacks: 2
[19:11:18] [Server thread/INFO]: Saved to files:
[19:11:18] [Server thread/INFO]: - backpack.yml: 2 items
[19:11:18] [Server thread/INFO]: - helmet.yml: 1 items
[19:11:18] [Server thread/INFO]: All cosmetics have been processed and saved successfully!
[19:11:29] [Server thread/INFO]: Unknown or incomplete command, see below for error
[A<--[HERE]
[19:11:31] [Server thread/INFO]: === Starting Clean Generation Process ===
[19:11:31] [Server thread/INFO]: Step 1: Cleaning old files...
[19:11:31] [Server thread/INFO]: [HMCCosmeticsPackGenerator] CustomModelDataGenerator reset - starting from 13000
[19:11:31] [Server thread/INFO]:   → Deleting old local output directory...
[19:11:31] [Server thread/INFO]:   ✓ Deleted old local output directory
[19:11:31] [Server thread/INFO]: ✓ Step 1 Complete: Plugin directories cleaned
[19:11:31] [Server thread/INFO]:   (Custom output path left untouched for safety)
[19:11:31] [Server thread/INFO]: Step 2: Generating files locally...
[19:11:31] [Server thread/INFO]: ✓ Created output directories
[19:11:31] [Server thread/INFO]: Generating legacy custom model data files...
[19:11:31] [Server thread/INFO]: [HMCCosmeticsPackGenerator] Generated modern format: /Users/bkgktp/IdeaProjects/HMCCosmeticsRP/run/plugins/HMCCosmeticsPackGenerator/output/HMCCosmetics/assets/minecraft/items/leather_horse_armor.json
[19:11:31] [Server thread/INFO]: [HMCCosmeticsPackGenerator] Generated legacy format: /Users/bkgktp/IdeaProjects/HMCCosmeticsRP/run/plugins/HMCCosmeticsPackGenerator/output/HMCCosmetics/assets/minecraft/models/item/leather_horse_armor.json
[19:11:31] [Server thread/INFO]: ✓ Legacy custom model data files generated
[19:11:31] [Server thread/INFO]: ✓ Step 2 Complete: All files generated locally
[19:11:31] [Server thread/INFO]: Step 3: Copying changed files to target output...
[19:11:31] [Server thread/INFO]: ✓ Step 3 Complete: No files needed copying (all up to date)
[19:11:31] [Server thread/INFO]: === Generation Complete ===
[19:11:31] [Server thread/INFO]: Successfully processed 3 models:
[19:11:31] [Server thread/INFO]: - Helmets: 1
[19:11:31] [Server thread/INFO]: - Backpacks: 2
[19:11:31] [Server thread/INFO]: Saved to files:
[19:11:31] [Server thread/INFO]: - backpack.yml: 2 items
[19:11:31] [Server thread/INFO]: - helmet.yml: 1 items
[19:11:31] [Server thread/INFO]: All cosmetics have been processed and saved successfully!
[19:13:17] [Server thread/INFO]: Stopping server
[19:13:17] [Server thread/INFO]: [HMCCosmeticsPackGenerator] Disabling HMCCosmeticsPackGenerator v1.0
[19:13:17] [Server thread/INFO]: [HMCCosmeticsPackGenerator] HMCCosmeticsRP has been disabled!
[19:13:17] [Server thread/INFO]: Saving players
[19:13:17] [Server thread/INFO]: Saving worlds
[19:13:17] [Server thread/INFO]: Saving chunks for level 'ServerLevel[world]'/minecraft:overworld
[19:13:17] [Server thread/INFO]: [ChunkHolderManager] Waiting 60s for chunk system to halt for world 'world'
[19:13:17] [Server thread/INFO]: [ChunkHolderManager] Halted chunk system for world 'world'
[19:13:17] [Server thread/INFO]: [ChunkHolderManager] Saving all chunkholders for world 'world'
[19:13:18] [Server thread/INFO]: [ChunkHolderManager] Saved 49 block chunks, 49 entity chunks, 0 poi chunks in world 'world' in 0,14s
[19:13:18] [Server thread/INFO]: Saving chunks for level 'ServerLevel[world_nether]'/minecraft:the_nether
[19:13:18] [Server thread/INFO]: [ChunkHolderManager] Waiting 60s for chunk system to halt for world 'world_nether'
[19:13:18] [Server thread/INFO]: [ChunkHolderManager] Halted chunk system for world 'world_nether'
[19:13:18] [Server thread/INFO]: [ChunkHolderManager] Saving all chunkholders for world 'world_nether'
[19:13:18] [Server thread/INFO]: [ChunkHolderManager] Saved 49 block chunks, 49 entity chunks, 0 poi chunks in world 'world_nether' in 0,08s
[19:13:18] [Server thread/INFO]: Saving chunks for level 'ServerLevel[world_the_end]'/minecraft:the_end
[19:13:18] [Server thread/INFO]: [ChunkHolderManager] Waiting 60s for chunk system to halt for world 'world_the_end'
[19:13:18] [Server thread/INFO]: [ChunkHolderManager] Halted chunk system for world 'world_the_end'
[19:13:18] [Server thread/INFO]: [ChunkHolderManager] Saving all chunkholders for world 'world_the_end'
[19:13:18] [Server thread/INFO]: [ChunkHolderManager] Saved 49 block chunks, 49 entity chunks, 0 poi chunks in world 'world_the_end' in 0,07s
[19:13:18] [Server thread/INFO]: ThreadedAnvilChunkStorage (world): All chunks are saved
[19:13:18] [Server thread/INFO]: ThreadedAnvilChunkStorage (DIM-1): All chunks are saved
[19:13:18] [Server thread/INFO]: ThreadedAnvilChunkStorage (DIM1): All chunks are saved
[19:13:18] [Server thread/INFO]: ThreadedAnvilChunkStorage: All dimensions are saved
